<?xml version="1.0" encoding="UTF-8"?>
<!-- Generated by org.testng.reporters.JUnitXMLReporter -->
<testsuite ignored="0" hostname="DESKTOP-RPFT4T0" failures="0" tests="3" name="Test" time="16.499" errors="0" timestamp="2025-07-03T15:37:03 IST">
  <testcase classname="testcases.TC_02Login" name="verifyAccountLogin" time="2.282"/>
  <testcase classname="testcases.TC_01Signup" name="verifyAccountRegister" time="0.995"/>
  <testcase classname="testcases.TC_03CompanyLogin" name="verifyCompanyLogin" time="0.793"/>
</testsuite> <!-- Test -->
