<?xml version="1.0" encoding="UTF-8"?>
<testng-results ignored="0" total="2" passed="2" failed="0" skipped="0">
  <reporter-output>
  </reporter-output>
  <suite started-at="2025-06-13T11:50:12 IST" name="Suite" finished-at="2025-06-13T11:50:28 IST" duration-ms="16236">
    <groups>
    </groups>
    <test started-at="2025-06-13T11:50:12 IST" name="Test" finished-at="2025-06-13T11:50:28 IST" duration-ms="16236">
      <class name="testcases.TC_02Login">
        <test-method is-config="true" signature="setup()[pri:0, instance:testcases.TC_02Login@3a12c404]" started-at="2025-06-13T11:50:12 IST" name="setup" finished-at="2025-06-13T11:50:16 IST" duration-ms="3954" status="PASS">
          <reporter-output>
          </reporter-output>
        </test-method> <!-- setup -->
        <test-method signature="verifyAccountLogin()[pri:0, instance:testcases.TC_02Login@3a12c404]" started-at="2025-06-13T11:50:16 IST" name="verifyAccountLogin" finished-at="2025-06-13T11:50:22 IST" duration-ms="6284" status="PASS">
          <reporter-output>
          </reporter-output>
        </test-method> <!-- verifyAccountLogin -->
      </class> <!-- testcases.TC_02Login -->
      <class name="testcases.TC_03CompanyLogin">
        <test-method is-config="true" signature="setup()[pri:0, instance:testcases.TC_03CompanyLogin@33fe57a9]" started-at="2025-06-13T11:50:22 IST" name="setup" finished-at="2025-06-13T11:50:28 IST" duration-ms="5121" status="PASS">
          <reporter-output>
          </reporter-output>
        </test-method> <!-- setup -->
        <test-method signature="verifyCompanyLogin()[pri:0, instance:testcases.TC_03CompanyLogin@33fe57a9]" started-at="2025-06-13T11:50:28 IST" name="verifyCompanyLogin" finished-at="2025-06-13T11:50:28 IST" duration-ms="810" status="PASS">
          <reporter-output>
          </reporter-output>
        </test-method> <!-- verifyCompanyLogin -->
      </class> <!-- testcases.TC_03CompanyLogin -->
    </test> <!-- Test -->
  </suite> <!-- Suite -->
</testng-results>
