<?xml version="1.0" encoding="UTF-8"?>
<testng-results ignored="0" total="3" passed="3" failed="0" skipped="0">
  <reporter-output>
  </reporter-output>
  <suite started-at="2025-07-03T15:36:47 IST" name="Suite" finished-at="2025-07-03T15:37:03 IST" duration-ms="16499">
    <groups>
    </groups>
    <test started-at="2025-07-03T15:36:47 IST" name="Test" finished-at="2025-07-03T15:37:03 IST" duration-ms="16499">
      <class name="testcases.TC_02Login">
        <test-method is-config="true" signature="setup()[pri:0, instance:testcases.TC_02Login@76884e4b]" started-at="2025-07-03T15:36:47 IST" name="setup" finished-at="2025-07-03T15:36:52 IST" duration-ms="5414" status="PASS">
          <reporter-output>
          </reporter-output>
        </test-method> <!-- setup -->
        <test-method signature="verifyAccountLogin()[pri:0, instance:testcases.TC_02Login@76884e4b]" started-at="2025-07-03T15:36:52 IST" name="verifyAccountLogin" finished-at="2025-07-03T15:36:54 IST" duration-ms="2282" status="PASS">
          <reporter-output>
          </reporter-output>
        </test-method> <!-- verifyAccountLogin -->
      </class> <!-- testcases.TC_02Login -->
      <class name="testcases.TC_01Signup">
        <test-method is-config="true" signature="setup()[pri:0, instance:testcases.TC_01Signup@b1712f3]" started-at="2025-07-03T15:36:54 IST" name="setup" finished-at="2025-07-03T15:36:59 IST" duration-ms="4659" status="PASS">
          <reporter-output>
          </reporter-output>
        </test-method> <!-- setup -->
        <test-method signature="verifyAccountRegister()[pri:0, instance:testcases.TC_01Signup@b1712f3]" started-at="2025-07-03T15:36:59 IST" name="verifyAccountRegister" finished-at="2025-07-03T15:37:00 IST" duration-ms="995" status="PASS">
          <reporter-output>
          </reporter-output>
        </test-method> <!-- verifyAccountRegister -->
      </class> <!-- testcases.TC_01Signup -->
      <class name="testcases.TC_03CompanyLogin">
        <test-method is-config="true" signature="setup()[pri:0, instance:testcases.TC_03CompanyLogin@6986bbaf]" started-at="2025-07-03T15:37:00 IST" name="setup" finished-at="2025-07-03T15:37:02 IST" duration-ms="2283" status="PASS">
          <reporter-output>
          </reporter-output>
        </test-method> <!-- setup -->
        <test-method signature="verifyCompanyLogin()[pri:0, instance:testcases.TC_03CompanyLogin@6986bbaf]" started-at="2025-07-03T15:37:02 IST" name="verifyCompanyLogin" finished-at="2025-07-03T15:37:03 IST" duration-ms="793" status="PASS">
          <reporter-output>
          </reporter-output>
        </test-method> <!-- verifyCompanyLogin -->
      </class> <!-- testcases.TC_03CompanyLogin -->
    </test> <!-- Test -->
  </suite> <!-- Suite -->
</testng-results>
